


ARM Macro Assembler    Page 1 


    1 00000000 00000600 
                       Stack_Size
                               EQU              0x00000600
    2 00000000         
    3 00000000                 AREA             STACK, NOINIT, READWRITE, ALIGN
=3
    4 00000000         Stack_Mem
                               SPACE            Stack_Size
    5 00000600         __initial_sp
    6 00000600         
    7 00000600         
    8 00000600         ; <h> Heap Configuration
    9 00000600         ;   <o>  Heap Size (in Bytes) <0x0-0xFFFFFFFF:8>
   10 00000600         ; </h>
   11 00000600         
   12 00000600 00000200 
                       Heap_Size
                               EQU              0x00000200
   13 00000600         
   14 00000600                 AREA             HEAP, NOINIT, READWRITE, ALIGN=
3
   15 00000000         __heap_base
   16 00000000         Heap_Mem
                               SPACE            Heap_Size
   17 00000200         __heap_limit
   18 00000200         
   19 00000200                 PRESERVE8
   20 00000200                 THUMB
   21 00000200         
   22 00000200         
   23 00000200         ; Vector Table Mapped to Address 0 at Reset
   24 00000200                 AREA             RESET, DATA, READONLY
   25 00000000                 EXPORT           __Vectors
   26 00000000                 EXPORT           __Vectors_End
   27 00000000                 EXPORT           __Vectors_Size
   28 00000000         
   29 00000000         
   30 00000000 00000000 
                       __Vectors
                               DCD              __initial_sp ; Top of Stack +00
                                                            
   31 00000004 00000000        DCD              Reset_Handler ;0x0800EC11      
                                                                            ; R
                                                            eset Handler +0x04
   32 00000008 00000000        DCD              NMI_Handler ; NMI Handler   +0x
                                                            08
   33 0000000C 00000000        DCD              HardFault_Handler ; Hard Fault 
                                                            Handler +0x0C
   34 00000010 00000000        DCD              Reset_Handler ; Reserved +0x10
   35 00000014 0000E700        DCD              0x00E700    ; Reserved +0x14
   36 00000018 50250300        DCD              0x50250300  ; Reserved +0x18
   37 0000001C 0D000100        DCD              0x0D000100  ; Reserved +0x1C
   38 00000020 00000000        DCD              0           ; Reserved
   39 00000024 00000000        DCD              0           ; Reserved
   40 00000028 00000000        DCD              0           ; Reserved
   41 0000002C 00000000        DCD              SVC_Handler ; SVCall Handler
   42 00000030 00000000        DCD              0           ; Reserved
   43 00000034 00000000        DCD              0           ; Reserved
   44 00000038 00000000        DCD              PendSV_Handler ; PendSV Handler



ARM Macro Assembler    Page 2 


                                                            
   45 0000003C 00000000        DCD              SysTick_Handler 
                                                            ; SysTick Handler
   46 00000040         
   47 00000040         ; External Interrupts
   48 00000040 00000000        DCD              WWDG_IRQHandler 
                                                            ; Window Watchdog
   49 00000044 00000000        DCD              PVD_IRQHandler ; PVD through EX
                                                            TI Line detect
   50 00000048 00000000        DCD              RTC_IRQHandler ; RTC through EX
                                                            TI Line
   51 0000004C 00000000        DCD              FLASH_IRQHandler ; FLASH
   52 00000050 00000000        DCD              RCC_IRQHandler ; RCC
   53 00000054 00000000        DCD              EXTI0_1_IRQHandler 
                                                            ; EXTI Line 0 and 1
                                                            
   54 00000058 00000000        DCD              EXTI2_3_IRQHandler 
                                                            ; EXTI Line 2 and 3
                                                            
   55 0000005C 00000000        DCD              EXTI4_15_IRQHandler 
                                                            ; EXTI Line 4 to 15
                                                            
   56 00000060 00000000        DCD              TS_IRQHandler ; TS
   57 00000064 00000000        DCD              DMA1_Channel1_IRQHandler 
                                                            ; DMA1 Channel 1
   58 00000068 00000000        DCD              DMA1_Channel2_3_IRQHandler ; DM
                                                            A1 Channel 2 and Ch
                                                            annel 3
   59 0000006C 00000000        DCD              DMA1_Channel4_5_IRQHandler ; DM
                                                            A1 Channel 4 and Ch
                                                            annel 5
   60 00000070 00000000        DCD              ADC1_COMP_IRQHandler ; ADC1, CO
                                                            MP1 and COMP2 
   61 00000074 00000000        DCD              TIM1_BRK_UP_TRG_COM_IRQHandler 
                                                            ; TIM1 Break, Updat
                                                            e, Trigger and Comm
                                                            utation
   62 00000078 00000000        DCD              TIM1_CC_IRQHandler ; TIM1 Captu
                                                            re Compare
   63 0000007C 00000000        DCD              TIM2_IRQHandler ; TIM2
   64 00000080 00000000        DCD              TIM3_IRQHandler ; TIM3
   65 00000084 00000000        DCD              TIM6_DAC_IRQHandler 
                                                            ; TIM6 and DAC
   66 00000088 00000000        DCD              0           ; Reserved
   67 0000008C 00000000        DCD              TIM14_IRQHandler ; TIM14
   68 00000090 00000000        DCD              TIM15_IRQHandler ; TIM15
   69 00000094 00000000        DCD              TIM16_IRQHandler ; TIM16
   70 00000098 00000000        DCD              TIM17_IRQHandler ; TIM17
   71 0000009C 00000000        DCD              I2C1_IRQHandler ; I2C1
   72 000000A0 00000000        DCD              I2C2_IRQHandler ; I2C2
   73 000000A4 00000000        DCD              SPI1_IRQHandler ; SPI1
   74 000000A8 00000000        DCD              SPI2_IRQHandler ; SPI2
   75 000000AC 00000000        DCD              USART1_IRQHandler ; USART1
   76 000000B0 00000000        DCD              USART2_IRQHandler ; USART2
   77 000000B4 00000000        DCD              0           ; Reserved
   78 000000B8 00000000        DCD              CEC_IRQHandler ; CEC
   79 000000BC 00000000        DCD              0           ; Reserved
   80 000000C0         
   81 000000C0         __Vectors_End



ARM Macro Assembler    Page 3 


   82 000000C0         
   83 000000C0 000000C0 
                       __Vectors_Size
                               EQU              __Vectors_End - __Vectors
   84 000000C0         
   85 000000C0                 AREA             |.text|, CODE, READONLY
   86 00000000         
   87 00000000         ; Reset handler routine
   88 00000000         Reset_Handler
                               PROC
   89 00000000                 EXPORT           Reset_Handler                 [
WEAK]
   90 00000000                 IMPORT           __main
   91 00000000                 IMPORT           SystemInit
   92 00000000 4807            LDR              R0, =SystemInit
   93 00000002 4780            BLX              R0
   94 00000004 4807            LDR              R0, =__main
   95 00000006 4700            BX               R0
   96 00000008                 ENDP
   97 00000008         
   98 00000008         ; Dummy Exception Handlers (infinite loops which can be 
                       modified)
   99 00000008         
  100 00000008         NMI_Handler
                               PROC
  101 00000008                 EXPORT           NMI_Handler                    
[WEAK]
  102 00000008 E7FE            B                .
  103 0000000A                 ENDP
  105 0000000A         HardFault_Handler
                               PROC
  106 0000000A                 EXPORT           HardFault_Handler              
[WEAK]
  107 0000000A E7FE            B                .
  108 0000000C                 ENDP
  109 0000000C         SVC_Handler
                               PROC
  110 0000000C                 EXPORT           SVC_Handler                    
[WEAK]
  111 0000000C E7FE            B                .
  112 0000000E                 ENDP
  113 0000000E         PendSV_Handler
                               PROC
  114 0000000E                 EXPORT           PendSV_Handler                 
[WEAK]
  115 0000000E E7FE            B                .
  116 00000010                 ENDP
  117 00000010         SysTick_Handler
                               PROC
  118 00000010                 EXPORT           SysTick_Handler                
[WEAK]
  119 00000010 E7FE            B                .
  120 00000012                 ENDP
  121 00000012         
  122 00000012         Default_Handler
                               PROC
  123 00000012         
  124 00000012                 EXPORT           WWDG_IRQHandler                
[WEAK]



ARM Macro Assembler    Page 4 


  125 00000012                 EXPORT           PVD_IRQHandler                 
[WEAK]
  126 00000012                 EXPORT           RTC_IRQHandler                 
[WEAK]
  127 00000012                 EXPORT           FLASH_IRQHandler               
[WEAK]
  128 00000012                 EXPORT           RCC_IRQHandler                 
[WEAK]
  129 00000012                 EXPORT           EXTI0_1_IRQHandler             
[WEAK]
  130 00000012                 EXPORT           EXTI2_3_IRQHandler             
[WEAK]
  131 00000012                 EXPORT           EXTI4_15_IRQHandler            
[WEAK]
  132 00000012                 EXPORT           TS_IRQHandler                  
[WEAK]
  133 00000012                 EXPORT           DMA1_Channel1_IRQHandler       
[WEAK]
  134 00000012                 EXPORT           DMA1_Channel2_3_IRQHandler     
[WEAK]
  135 00000012                 EXPORT           DMA1_Channel4_5_IRQHandler     
[WEAK]
  136 00000012                 EXPORT           ADC1_COMP_IRQHandler           
[WEAK]
  137 00000012                 EXPORT           TIM1_BRK_UP_TRG_COM_IRQHandler 
[WEAK]
  138 00000012                 EXPORT           TIM1_CC_IRQHandler             
[WEAK]
  139 00000012                 EXPORT           TIM2_IRQHandler                
[WEAK]
  140 00000012                 EXPORT           TIM3_IRQHandler                
[WEAK]
  141 00000012                 EXPORT           TIM6_DAC_IRQHandler            
[WEAK]
  142 00000012                 EXPORT           TIM14_IRQHandler               
[WEAK]
  143 00000012                 EXPORT           TIM15_IRQHandler               
[WEAK]
  144 00000012                 EXPORT           TIM16_IRQHandler               
[WEAK]
  145 00000012                 EXPORT           TIM17_IRQHandler               
[WEAK]
  146 00000012                 EXPORT           I2C1_IRQHandler                
[WEAK]
  147 00000012                 EXPORT           I2C2_IRQHandler                
[WEAK]
  148 00000012                 EXPORT           SPI1_IRQHandler                
[WEAK]
  149 00000012                 EXPORT           SPI2_IRQHandler                
[WEAK]
  150 00000012                 EXPORT           USART1_IRQHandler              
[WEAK]
  151 00000012                 EXPORT           USART2_IRQHandler              
[WEAK]
  152 00000012                 EXPORT           CEC_IRQHandler                 
[WEAK]
  153 00000012         
  154 00000012         
  155 00000012         WWDG_IRQHandler



ARM Macro Assembler    Page 5 


  156 00000012         PVD_IRQHandler
  157 00000012         RTC_IRQHandler
  158 00000012         FLASH_IRQHandler
  159 00000012         RCC_IRQHandler
  160 00000012         EXTI0_1_IRQHandler
  161 00000012         EXTI2_3_IRQHandler
  162 00000012         EXTI4_15_IRQHandler
  163 00000012         TS_IRQHandler
  164 00000012         DMA1_Channel1_IRQHandler
  165 00000012         DMA1_Channel2_3_IRQHandler
  166 00000012         DMA1_Channel4_5_IRQHandler
  167 00000012         ADC1_COMP_IRQHandler
  168 00000012         TIM1_BRK_UP_TRG_COM_IRQHandler
  169 00000012         TIM1_CC_IRQHandler
  170 00000012         TIM2_IRQHandler
  171 00000012         TIM3_IRQHandler
  172 00000012         TIM6_DAC_IRQHandler
  173 00000012         TIM14_IRQHandler
  174 00000012         TIM15_IRQHandler
  175 00000012         TIM16_IRQHandler
  176 00000012         TIM17_IRQHandler
  177 00000012         I2C1_IRQHandler
  178 00000012         I2C2_IRQHandler
  179 00000012         SPI1_IRQHandler
  180 00000012         SPI2_IRQHandler
  181 00000012         USART1_IRQHandler
  182 00000012         USART2_IRQHandler
  183 00000012         CEC_IRQHandler
  184 00000012         
  185 00000012 E7FE            B                .
  186 00000014         
  187 00000014                 ENDP
  188 00000014         
  189 00000014                 ALIGN
  190 00000014         
  191 00000014         ;*******************************************************
                       ************************
  192 00000014         ; User Stack and Heap initialization
  193 00000014         ;*******************************************************
                       ************************
  194 00000014                 IF               :DEF:__MICROLIB
  201 00000014         
  202 00000014                 IMPORT           __use_two_region_memory
  203 00000014                 EXPORT           __user_initial_stackheap
  204 00000014         
  205 00000014         __user_initial_stackheap
  206 00000014         
  207 00000014 4804            LDR              R0, =  Heap_Mem
  208 00000016 4905            LDR              R1, =(Stack_Mem + Stack_Size)
  209 00000018 4A05            LDR              R2, = (Heap_Mem +  Heap_Size)
  210 0000001A 4B06            LDR              R3, = Stack_Mem
  211 0000001C 4770            BX               LR
  212 0000001E         
  213 0000001E 00 00           ALIGN
  214 00000020         
  215 00000020                 ENDIF
  216 00000020         
  217 00000020                 END
              00000000 



ARM Macro Assembler    Page 6 


              00000000 
              00000000 
              00000600 
              00000200 
              00000000 
Command Line: --debug --xref --diag_suppress=9931 --cpu=Cortex-M0 --apcs=interw
ork --depend=.\objects\startup_stm32f0xx.d -o.\objects\startup_stm32f0xx.o -I.\
RTE\_Target_1 -IC:\Keil_v5\ARM\PACK\Keil\STM32F0xx_DFP\1.5.0\Device\Include -IC
:\Keil_v5\ARM\CMSIS\Include --predefine="__UVISION_VERSION SETA 524" --predefin
e="STM32F051x8 SETA 1" --list=.\listings\startup_stm32f0xx.lst Source\startup_s
tm32f0xx.s



ARM Macro Assembler    Page 1 Alphabetic symbol ordering
Relocatable symbols

STACK 00000000

Symbol: STACK
   Definitions
      At line 3 in file Source\startup_stm32f0xx.s
   Uses
      None
Comment: STACK unused
Stack_Mem 00000000

Symbol: Stack_Mem
   Definitions
      At line 4 in file Source\startup_stm32f0xx.s
   Uses
      At line 208 in file Source\startup_stm32f0xx.s
      At line 210 in file Source\startup_stm32f0xx.s

__initial_sp 00000600

Symbol: __initial_sp
   Definitions
      At line 5 in file Source\startup_stm32f0xx.s
   Uses
      At line 30 in file Source\startup_stm32f0xx.s
Comment: __initial_sp used once
3 symbols



ARM Macro Assembler    Page 1 Alphabetic symbol ordering
Relocatable symbols

HEAP 00000000

Symbol: HEAP
   Definitions
      At line 14 in file Source\startup_stm32f0xx.s
   Uses
      None
Comment: HEAP unused
Heap_Mem 00000000

Symbol: Heap_Mem
   Definitions
      At line 16 in file Source\startup_stm32f0xx.s
   Uses
      At line 207 in file Source\startup_stm32f0xx.s
      At line 209 in file Source\startup_stm32f0xx.s

__heap_base 00000000

Symbol: __heap_base
   Definitions
      At line 15 in file Source\startup_stm32f0xx.s
   Uses
      None
Comment: __heap_base unused
__heap_limit 00000200

Symbol: __heap_limit
   Definitions
      At line 17 in file Source\startup_stm32f0xx.s
   Uses
      None
Comment: __heap_limit unused
4 symbols



ARM Macro Assembler    Page 1 Alphabetic symbol ordering
Relocatable symbols

RESET 00000000

Symbol: RESET
   Definitions
      At line 24 in file Source\startup_stm32f0xx.s
   Uses
      None
Comment: RESET unused
__Vectors 00000000

Symbol: __Vectors
   Definitions
      At line 30 in file Source\startup_stm32f0xx.s
   Uses
      At line 25 in file Source\startup_stm32f0xx.s
      At line 83 in file Source\startup_stm32f0xx.s

__Vectors_End 000000C0

Symbol: __Vectors_End
   Definitions
      At line 81 in file Source\startup_stm32f0xx.s
   Uses
      At line 26 in file Source\startup_stm32f0xx.s
      At line 83 in file Source\startup_stm32f0xx.s

3 symbols



ARM Macro Assembler    Page 1 Alphabetic symbol ordering
Relocatable symbols

.text 00000000

Symbol: .text
   Definitions
      At line 85 in file Source\startup_stm32f0xx.s
   Uses
      None
Comment: .text unused
ADC1_COMP_IRQHandler 00000012

Symbol: ADC1_COMP_IRQHandler
   Definitions
      At line 167 in file Source\startup_stm32f0xx.s
   Uses
      At line 60 in file Source\startup_stm32f0xx.s
      At line 136 in file Source\startup_stm32f0xx.s

CEC_IRQHandler 00000012

Symbol: CEC_IRQHandler
   Definitions
      At line 183 in file Source\startup_stm32f0xx.s
   Uses
      At line 78 in file Source\startup_stm32f0xx.s
      At line 152 in file Source\startup_stm32f0xx.s

DMA1_Channel1_IRQHandler 00000012

Symbol: DMA1_Channel1_IRQHandler
   Definitions
      At line 164 in file Source\startup_stm32f0xx.s
   Uses
      At line 57 in file Source\startup_stm32f0xx.s
      At line 133 in file Source\startup_stm32f0xx.s

DMA1_Channel2_3_IRQHandler 00000012

Symbol: DMA1_Channel2_3_IRQHandler
   Definitions
      At line 165 in file Source\startup_stm32f0xx.s
   Uses
      At line 58 in file Source\startup_stm32f0xx.s
      At line 134 in file Source\startup_stm32f0xx.s

DMA1_Channel4_5_IRQHandler 00000012

Symbol: DMA1_Channel4_5_IRQHandler
   Definitions
      At line 166 in file Source\startup_stm32f0xx.s
   Uses
      At line 59 in file Source\startup_stm32f0xx.s
      At line 135 in file Source\startup_stm32f0xx.s

Default_Handler 00000012

Symbol: Default_Handler
   Definitions
      At line 122 in file Source\startup_stm32f0xx.s
   Uses



ARM Macro Assembler    Page 2 Alphabetic symbol ordering
Relocatable symbols

      None
Comment: Default_Handler unused
EXTI0_1_IRQHandler 00000012

Symbol: EXTI0_1_IRQHandler
   Definitions
      At line 160 in file Source\startup_stm32f0xx.s
   Uses
      At line 53 in file Source\startup_stm32f0xx.s
      At line 129 in file Source\startup_stm32f0xx.s

EXTI2_3_IRQHandler 00000012

Symbol: EXTI2_3_IRQHandler
   Definitions
      At line 161 in file Source\startup_stm32f0xx.s
   Uses
      At line 54 in file Source\startup_stm32f0xx.s
      At line 130 in file Source\startup_stm32f0xx.s

EXTI4_15_IRQHandler 00000012

Symbol: EXTI4_15_IRQHandler
   Definitions
      At line 162 in file Source\startup_stm32f0xx.s
   Uses
      At line 55 in file Source\startup_stm32f0xx.s
      At line 131 in file Source\startup_stm32f0xx.s

FLASH_IRQHandler 00000012

Symbol: FLASH_IRQHandler
   Definitions
      At line 158 in file Source\startup_stm32f0xx.s
   Uses
      At line 51 in file Source\startup_stm32f0xx.s
      At line 127 in file Source\startup_stm32f0xx.s

HardFault_Handler 0000000A

Symbol: HardFault_Handler
   Definitions
      At line 105 in file Source\startup_stm32f0xx.s
   Uses
      At line 33 in file Source\startup_stm32f0xx.s
      At line 106 in file Source\startup_stm32f0xx.s

I2C1_IRQHandler 00000012

Symbol: I2C1_IRQHandler
   Definitions
      At line 177 in file Source\startup_stm32f0xx.s
   Uses
      At line 71 in file Source\startup_stm32f0xx.s
      At line 146 in file Source\startup_stm32f0xx.s

I2C2_IRQHandler 00000012

Symbol: I2C2_IRQHandler



ARM Macro Assembler    Page 3 Alphabetic symbol ordering
Relocatable symbols

   Definitions
      At line 178 in file Source\startup_stm32f0xx.s
   Uses
      At line 72 in file Source\startup_stm32f0xx.s
      At line 147 in file Source\startup_stm32f0xx.s

NMI_Handler 00000008

Symbol: NMI_Handler
   Definitions
      At line 100 in file Source\startup_stm32f0xx.s
   Uses
      At line 32 in file Source\startup_stm32f0xx.s
      At line 101 in file Source\startup_stm32f0xx.s

PVD_IRQHandler 00000012

Symbol: PVD_IRQHandler
   Definitions
      At line 156 in file Source\startup_stm32f0xx.s
   Uses
      At line 49 in file Source\startup_stm32f0xx.s
      At line 125 in file Source\startup_stm32f0xx.s

PendSV_Handler 0000000E

Symbol: PendSV_Handler
   Definitions
      At line 113 in file Source\startup_stm32f0xx.s
   Uses
      At line 44 in file Source\startup_stm32f0xx.s
      At line 114 in file Source\startup_stm32f0xx.s

RCC_IRQHandler 00000012

Symbol: RCC_IRQHandler
   Definitions
      At line 159 in file Source\startup_stm32f0xx.s
   Uses
      At line 52 in file Source\startup_stm32f0xx.s
      At line 128 in file Source\startup_stm32f0xx.s

RTC_IRQHandler 00000012

Symbol: RTC_IRQHandler
   Definitions
      At line 157 in file Source\startup_stm32f0xx.s
   Uses
      At line 50 in file Source\startup_stm32f0xx.s
      At line 126 in file Source\startup_stm32f0xx.s

Reset_Handler 00000000

Symbol: Reset_Handler
   Definitions
      At line 88 in file Source\startup_stm32f0xx.s
   Uses
      At line 31 in file Source\startup_stm32f0xx.s
      At line 34 in file Source\startup_stm32f0xx.s



ARM Macro Assembler    Page 4 Alphabetic symbol ordering
Relocatable symbols

      At line 89 in file Source\startup_stm32f0xx.s

SPI1_IRQHandler 00000012

Symbol: SPI1_IRQHandler
   Definitions
      At line 179 in file Source\startup_stm32f0xx.s
   Uses
      At line 73 in file Source\startup_stm32f0xx.s
      At line 148 in file Source\startup_stm32f0xx.s

SPI2_IRQHandler 00000012

Symbol: SPI2_IRQHandler
   Definitions
      At line 180 in file Source\startup_stm32f0xx.s
   Uses
      At line 74 in file Source\startup_stm32f0xx.s
      At line 149 in file Source\startup_stm32f0xx.s

SVC_Handler 0000000C

Symbol: SVC_Handler
   Definitions
      At line 109 in file Source\startup_stm32f0xx.s
   Uses
      At line 41 in file Source\startup_stm32f0xx.s
      At line 110 in file Source\startup_stm32f0xx.s

SysTick_Handler 00000010

Symbol: SysTick_Handler
   Definitions
      At line 117 in file Source\startup_stm32f0xx.s
   Uses
      At line 45 in file Source\startup_stm32f0xx.s
      At line 118 in file Source\startup_stm32f0xx.s

TIM14_IRQHandler 00000012

Symbol: TIM14_IRQHandler
   Definitions
      At line 173 in file Source\startup_stm32f0xx.s
   Uses
      At line 67 in file Source\startup_stm32f0xx.s
      At line 142 in file Source\startup_stm32f0xx.s

TIM15_IRQHandler 00000012

Symbol: TIM15_IRQHandler
   Definitions
      At line 174 in file Source\startup_stm32f0xx.s
   Uses
      At line 68 in file Source\startup_stm32f0xx.s
      At line 143 in file Source\startup_stm32f0xx.s

TIM16_IRQHandler 00000012

Symbol: TIM16_IRQHandler



ARM Macro Assembler    Page 5 Alphabetic symbol ordering
Relocatable symbols

   Definitions
      At line 175 in file Source\startup_stm32f0xx.s
   Uses
      At line 69 in file Source\startup_stm32f0xx.s
      At line 144 in file Source\startup_stm32f0xx.s

TIM17_IRQHandler 00000012

Symbol: TIM17_IRQHandler
   Definitions
      At line 176 in file Source\startup_stm32f0xx.s
   Uses
      At line 70 in file Source\startup_stm32f0xx.s
      At line 145 in file Source\startup_stm32f0xx.s

TIM1_BRK_UP_TRG_COM_IRQHandler 00000012

Symbol: TIM1_BRK_UP_TRG_COM_IRQHandler
   Definitions
      At line 168 in file Source\startup_stm32f0xx.s
   Uses
      At line 61 in file Source\startup_stm32f0xx.s
      At line 137 in file Source\startup_stm32f0xx.s

TIM1_CC_IRQHandler 00000012

Symbol: TIM1_CC_IRQHandler
   Definitions
      At line 169 in file Source\startup_stm32f0xx.s
   Uses
      At line 62 in file Source\startup_stm32f0xx.s
      At line 138 in file Source\startup_stm32f0xx.s

TIM2_IRQHandler 00000012

Symbol: TIM2_IRQHandler
   Definitions
      At line 170 in file Source\startup_stm32f0xx.s
   Uses
      At line 63 in file Source\startup_stm32f0xx.s
      At line 139 in file Source\startup_stm32f0xx.s

TIM3_IRQHandler 00000012

Symbol: TIM3_IRQHandler
   Definitions
      At line 171 in file Source\startup_stm32f0xx.s
   Uses
      At line 64 in file Source\startup_stm32f0xx.s
      At line 140 in file Source\startup_stm32f0xx.s

TIM6_DAC_IRQHandler 00000012

Symbol: TIM6_DAC_IRQHandler
   Definitions
      At line 172 in file Source\startup_stm32f0xx.s
   Uses
      At line 65 in file Source\startup_stm32f0xx.s
      At line 141 in file Source\startup_stm32f0xx.s



ARM Macro Assembler    Page 6 Alphabetic symbol ordering
Relocatable symbols


TS_IRQHandler 00000012

Symbol: TS_IRQHandler
   Definitions
      At line 163 in file Source\startup_stm32f0xx.s
   Uses
      At line 56 in file Source\startup_stm32f0xx.s
      At line 132 in file Source\startup_stm32f0xx.s

USART1_IRQHandler 00000012

Symbol: USART1_IRQHandler
   Definitions
      At line 181 in file Source\startup_stm32f0xx.s
   Uses
      At line 75 in file Source\startup_stm32f0xx.s
      At line 150 in file Source\startup_stm32f0xx.s

USART2_IRQHandler 00000012

Symbol: USART2_IRQHandler
   Definitions
      At line 182 in file Source\startup_stm32f0xx.s
   Uses
      At line 76 in file Source\startup_stm32f0xx.s
      At line 151 in file Source\startup_stm32f0xx.s

WWDG_IRQHandler 00000012

Symbol: WWDG_IRQHandler
   Definitions
      At line 155 in file Source\startup_stm32f0xx.s
   Uses
      At line 48 in file Source\startup_stm32f0xx.s
      At line 124 in file Source\startup_stm32f0xx.s

__user_initial_stackheap 00000014

Symbol: __user_initial_stackheap
   Definitions
      At line 205 in file Source\startup_stm32f0xx.s
   Uses
      At line 203 in file Source\startup_stm32f0xx.s
Comment: __user_initial_stackheap used once
38 symbols



ARM Macro Assembler    Page 1 Alphabetic symbol ordering
Absolute symbols

Heap_Size 00000200

Symbol: Heap_Size
   Definitions
      At line 12 in file Source\startup_stm32f0xx.s
   Uses
      At line 16 in file Source\startup_stm32f0xx.s
      At line 209 in file Source\startup_stm32f0xx.s

Stack_Size 00000600

Symbol: Stack_Size
   Definitions
      At line 1 in file Source\startup_stm32f0xx.s
   Uses
      At line 4 in file Source\startup_stm32f0xx.s
      At line 208 in file Source\startup_stm32f0xx.s

__Vectors_Size 000000C0

Symbol: __Vectors_Size
   Definitions
      At line 83 in file Source\startup_stm32f0xx.s
   Uses
      At line 27 in file Source\startup_stm32f0xx.s
Comment: __Vectors_Size used once
3 symbols



ARM Macro Assembler    Page 1 Alphabetic symbol ordering
External symbols

SystemInit 00000000

Symbol: SystemInit
   Definitions
      At line 91 in file Source\startup_stm32f0xx.s
   Uses
      At line 92 in file Source\startup_stm32f0xx.s
Comment: SystemInit used once
__main 00000000

Symbol: __main
   Definitions
      At line 90 in file Source\startup_stm32f0xx.s
   Uses
      At line 94 in file Source\startup_stm32f0xx.s
Comment: __main used once
__use_two_region_memory 00000000

Symbol: __use_two_region_memory
   Definitions
      At line 202 in file Source\startup_stm32f0xx.s
   Uses
      None
Comment: __use_two_region_memory unused
3 symbols
390 symbols in table
